app/build/intermediates/manifest_merge_blame_file/debug/manifest-merger-blame-debug-report.txt
1<?xml version="1.0" encoding="utf-8"?>
2<!--
3  Copyright 2022 The Android Open Source Project
4
5  Licensed under the Apache License, Version 2.0 (the "License"); you may not use this file except
6  in compliance with the License. You may obtain a copy of the License at
7
8  http://www.apache.org/licenses/LICENSE-2.0
9
10  Unless required by applicable law or agreed to in writing, software distributed under the License
11  is distributed on an "AS IS" BASIS, WITHOUT WARRANTIES OR CONDITIONS OF ANY KIND, either express
12  or implied. See the License for the specific language governing permissions and limitations under
13  the License.
14-->
15<manifest xmlns:android="http://schemas.android.com/apk/res/android"
16    package="com.codelab.basiclayouts"
17    android:versionCode="1"
18    android:versionName="1.0" >
19
20    <uses-sdk
21        android:minSdkVersion="23"
21-->src/main/AndroidManifest.xml
22        android:targetSdkVersion="32" />
22-->src/main/AndroidManifest.xml
23
24    <application
24-->src/main/AndroidManifest.xml:16:5-34:19
25        android:allowBackup="true"
25-->src/main/AndroidManifest.xml:17:9-35
26        android:appComponentFactory="androidx.core.app.CoreComponentFactory"
26-->[androidx.core:core:1.8.0] AndroidManifest.xml:24:18-86
27        android:debuggable="true"
28        android:extractNativeLibs="false"
29        android:icon="@mipmap/ic_launcher"
29-->src/main/AndroidManifest.xml:18:9-43
30        android:label="@string/app_name"
30-->src/main/AndroidManifest.xml:19:9-41
31        android:roundIcon="@mipmap/ic_launcher_round"
31-->src/main/AndroidManifest.xml:20:9-54
32        android:supportsRtl="true"
32-->src/main/AndroidManifest.xml:21:9-35
33        android:theme="@style/Theme.MySoothe" >
33-->src/main/AndroidManifest.xml:22:9-46
34        <activity
34-->src/main/AndroidManifest.xml:23:9-33:20
35            android:name="com.codelab.basiclayouts.MainActivity"
35-->src/main/AndroidManifest.xml:24:13-41
36            android:exported="true"
36-->src/main/AndroidManifest.xml:25:13-36
37            android:label="@string/app_name"
37-->src/main/AndroidManifest.xml:26:13-45
38            android:theme="@style/Theme.MySoothe" >
38-->src/main/AndroidManifest.xml:27:13-50
39            <intent-filter>
39-->src/main/AndroidManifest.xml:28:13-32:29
40                <action android:name="android.intent.action.MAIN" />
40-->src/main/AndroidManifest.xml:29:17-69
40-->src/main/AndroidManifest.xml:29:25-66
41
42                <category android:name="android.intent.category.LAUNCHER" />
42-->src/main/AndroidManifest.xml:31:17-77
42-->src/main/AndroidManifest.xml:31:27-74
43            </intent-filter>
44        </activity>
45        <activity
45-->[androidx.compose.ui:ui-tooling:1.2.1] AndroidManifest.xml:24:9-26:39
46            android:name="androidx.compose.ui.tooling.PreviewActivity"
46-->[androidx.compose.ui:ui-tooling:1.2.1] AndroidManifest.xml:25:13-71
47            android:exported="true" />
47-->[androidx.compose.ui:ui-tooling:1.2.1] AndroidManifest.xml:26:13-36
48
49        <provider
49-->[androidx.profileinstaller:profileinstaller:1.2.0] AndroidManifest.xml:25:9-33:20
50            android:name="androidx.startup.InitializationProvider"
50-->[androidx.profileinstaller:profileinstaller:1.2.0] AndroidManifest.xml:26:13-67
51            android:authorities="com.codelab.basiclayouts.androidx-startup"
51-->[androidx.profileinstaller:profileinstaller:1.2.0] AndroidManifest.xml:27:13-68
52            android:exported="false" >
52-->[androidx.profileinstaller:profileinstaller:1.2.0] AndroidManifest.xml:28:13-37
53            <meta-data
53-->[androidx.profileinstaller:profileinstaller:1.2.0] AndroidManifest.xml:30:13-32:52
54                android:name="androidx.profileinstaller.ProfileInstallerInitializer"
54-->[androidx.profileinstaller:profileinstaller:1.2.0] AndroidManifest.xml:31:17-85
55                android:value="androidx.startup" />
55-->[androidx.profileinstaller:profileinstaller:1.2.0] AndroidManifest.xml:32:17-49
56        </provider>
57
58        <receiver
58-->[androidx.profileinstaller:profileinstaller:1.2.0] AndroidManifest.xml:35:9-47:20
59            android:name="androidx.profileinstaller.ProfileInstallReceiver"
59-->[androidx.profileinstaller:profileinstaller:1.2.0] AndroidManifest.xml:36:13-76
60            android:directBootAware="false"
60-->[androidx.profileinstaller:profileinstaller:1.2.0] AndroidManifest.xml:37:13-44
61            android:enabled="true"
61-->[androidx.profileinstaller:profileinstaller:1.2.0] AndroidManifest.xml:38:13-35
62            android:exported="true"
62-->[androidx.profileinstaller:profileinstaller:1.2.0] AndroidManifest.xml:39:13-36
63            android:permission="android.permission.DUMP" >
63-->[androidx.profileinstaller:profileinstaller:1.2.0] AndroidManifest.xml:40:13-57
64            <intent-filter>
64-->[androidx.profileinstaller:profileinstaller:1.2.0] AndroidManifest.xml:41:13-43:29
65                <action android:name="androidx.profileinstaller.action.INSTALL_PROFILE" />
65-->[androidx.profileinstaller:profileinstaller:1.2.0] AndroidManifest.xml:42:17-91
65-->[androidx.profileinstaller:profileinstaller:1.2.0] AndroidManifest.xml:42:25-88
66            </intent-filter>
67            <intent-filter>
67-->[androidx.profileinstaller:profileinstaller:1.2.0] AndroidManifest.xml:44:13-46:29
68                <action android:name="androidx.profileinstaller.action.SKIP_FILE" />
68-->[androidx.profileinstaller:profileinstaller:1.2.0] AndroidManifest.xml:45:17-85
68-->[androidx.profileinstaller:profileinstaller:1.2.0] AndroidManifest.xml:45:25-82
69            </intent-filter>
70        </receiver>
71    </application>
72
73</manifest>